Command line:
   bin
     -simmode  tcl
     -simrunnum  0
     -socket  37427

Tue Jan 18 19:52:37 2022


 Elaboration Time: 0.02 sec

 Current Memory Usage: 159.887 Meg

 Total Signals          : 28
 Total Nets             : 29
 Total Signal Drivers   : 14
 Total Blocks           : 4
 Total Primitive Blocks : 3
 Total Processes        : 6
 Total Traceable Variables  : 11
 Total Scalar Nets and Variables : 392
Total Line Count : 109

 Total Simulation Time: 0.02 sec

 Current Memory Usage: 236.921 Meg

Tue Jan 18 19:52:38 2022

